IQ-TREE multicore version 2.3.6 for Linux x86 64-bit built Dec 11 2024
Developed by Bui Quang Minh, Nguyen Lam Tung, Olga Chernomor, Heiko Schmidt,
Dominik Schrempf, Michael Woodhams, Ly Trong Nhan, Thomas Wong

Host:    chenxuan (AVX2, FMA3, 15 GB RAM)
Command: iqtree2 -s 24its_mafft.fasta -m MFP -T AUTO -B 10000
Seed:    932631 (Using SPRNG - Scalable Parallel Random Number Generator)
Time:    Mon Jan 20 20:09:36 2025
Kernel:  AVX+FMA - auto-detect threads (20 CPU cores detected)

Reading alignment file 24its_mafft.fasta ... Fasta format detected
Reading fasta file: done in 0.000496249 secs using 40.91% CPU
NOTE: Change sequence name 'V_caesiotincta_AMB19319_nan AMB19319' -> V_caesiotincta_AMB19319_nan_AMB19319
NOTE: Change sequence name 'V_ morozovae_LE313322_Vietnam LE313322' -> V__morozovae_LE313322_Vietnam
NOTE: Change sequence name 'V_ morozovae_LE313323_TYPE_Vietnam LE313323_TYPE' -> V__morozovae_LE313323_TYPE_Vietnam
NOTE: Change sequence name 'V_ niveosulcata_LE313229_TYPE_Vietnam LE313229_TYPE' -> V__niveosulcata_LE313229_TYPE_Vietnam
NOTE: Change sequence name 'V_ ptilotricha_LE313324_TYPE_Vietnam LE313324_TYPE' -> V__ptilotricha_LE313324_TYPE_Vietnam
NOTE: Change sequence name 'V_ pilosa_HKAS133857_China_Yunann HKAS133857' -> V__pilosa_HKAS133857_China_Yunann
NOTE: Change sequence name 'V_ pilosa_HKAS133858_TYPE_China_Yunnan HKAS133858_TYPE' -> V__pilosa_HKAS133858_TYPE_China_Yunnan
NOTE: Change sequence name 'V_ rimosa_HKAS133859_China_Yunnan HKAS133859' -> V__rimosa_HKAS133859_China_Yunnan
NOTE: Change sequence name 'V_ morozovae_HKAS133866_China_Yunnan HKAS133866' -> V__morozovae_HKAS133866_China_Yunnan
NOTE: Change sequence name 'V_ bombycina_HKAS31463_Costa_Rica HKAS31463' -> V__bombycina_HKAS31463_Costa_Rica
NOTE: Change sequence name 'V_ rimosa_HKAS107617_China_Yunnan HKAS107617' -> V__rimosa_HKAS107617_China_Yunnan
NOTE: Change sequence name 'V_ morozovae_HKAS125659_China_Yunnan HKAS125659' -> V__morozovae_HKAS125659_China_Yunnan
NOTE: Change sequence name 'V_ volvacea_HKAS126966_China_Sichuan HKAS126966' -> V__volvacea_HKAS126966_China_Sichuan
NOTE: Change sequence name 'V_ rimosa_HKAS127259_China_Yunnan HKAS127259' -> V__rimosa_HKAS127259_China_Yunnan
NOTE: Change sequence name 'Vp_ gloiocephalus_HKAS127781_China_Yunnan HKAS127781' -> Vp__gloiocephalus_HKAS127781_China_Yunnan
NOTE: Change sequence name 'V_ morozovae_HKAS128215_China_Yunnan HKAS128215' -> V__morozovae_HKAS128215_China_Yunnan
NOTE: Change sequence name 'V_ rimosa_HKAS127812_China_Yunnan HKAS127812' -> V__rimosa_HKAS127812_China_Yunnan
NOTE: Change sequence name 'Vp_ gloiocephalus_HKAS133862_China_Shanxi HKAS133862' -> Vp__gloiocephalus_HKAS133862_China_Shanxi
NOTE: Change sequence name 'V_ rimosa_HKAS113015_TYPE_China_Yunnan HKAS113015_TYPE' -> V__rimosa_HKAS113015_TYPE_China_Yunnan
NOTE: Change sequence name 'V_ bombycina_HKAS57909_China_Xizang HKAS57909' -> V__bombycina_HKAS57909_China_Xizang
NOTE: Change sequence name 'V_ parvirimosa_HKAS83879_TYPE_ChinaYunnan HKAS83879_TYPE' -> V__parvirimosa_HKAS83879_TYPE_ChinaYunnan
NOTE: Change sequence name 'V_ parvirimosa_HKAS101368_ChinaYunnan HKAS101368' -> V__parvirimosa_HKAS101368_ChinaYunnan
NOTE: Change sequence name 'V_ rimosa_HKAS133860_China_Yunnan HKAS133860' -> V__rimosa_HKAS133860_China_Yunnan
Alignment most likely contains DNA/RNA sequences
Alignment has 23 sequences with 788 columns, 482 distinct patterns
327 parsimony-informative, 91 singleton sites, 370 constant sites
                                           Gap/Ambiguity  Composition  p-value
Analyzing sequences: done in 1.8406e-05 secs using 92.36% CPU
   1  V_caesiotincta_AMB19319_nan_AMB19319        20.56%    passed     41.49%
   2  V__morozovae_LE313322_Vietnam               46.32%    passed     91.76%
   3  V__morozovae_LE313323_TYPE_Vietnam          25.63%    passed     68.90%
   4  V__niveosulcata_LE313229_TYPE_Vietnam       44.92%    failed      0.00%
   5  V__ptilotricha_LE313324_TYPE_Vietnam        32.87%    passed     85.67%
   6  V__pilosa_HKAS133857_China_Yunann           21.70%    passed     50.93%
   7  V__pilosa_HKAS133858_TYPE_China_Yunnan      24.75%    passed     67.14%
   8  V__rimosa_HKAS133859_China_Yunnan           23.22%    passed     75.11%
   9  V__morozovae_HKAS133866_China_Yunnan        26.14%    passed     61.38%
  10  V__bombycina_HKAS31463_Costa_Rica           17.89%    passed     21.28%
  11  V__rimosa_HKAS107617_China_Yunnan           23.86%    passed     68.79%
  12  V__morozovae_HKAS125659_China_Yunnan        44.80%    passed     99.19%
  13  V__volvacea_HKAS126966_China_Sichuan        16.75%    passed      6.50%
  14  V__rimosa_HKAS127259_China_Yunnan           24.49%    passed     77.83%
  15  Vp__gloiocephalus_HKAS127781_China_Yunnan   17.77%    passed     13.93%
  16  V__morozovae_HKAS128215_China_Yunnan        23.98%    passed     83.46%
  17  V__rimosa_HKAS127812_China_Yunnan           23.22%    passed     73.25%
  18  Vp__gloiocephalus_HKAS133862_China_Shanxi   21.95%    passed     27.32%
  19  V__rimosa_HKAS113015_TYPE_China_Yunnan      23.22%    passed     79.42%
  20  V__bombycina_HKAS57909_China_Xizang         15.86%    passed     38.35%
  21  V__parvirimosa_HKAS83879_TYPE_ChinaYunnan   23.10%    passed     47.71%
  22  V__parvirimosa_HKAS101368_ChinaYunnan       21.32%    passed     43.81%
  23  V__rimosa_HKAS133860_China_Yunnan           47.59%    passed     77.63%
****  TOTAL                                       26.61%  1 sequences failed composition chi2 test (p-value<5%; df=3)


Create initial parsimony tree by phylogenetic likelihood library (PLL)... 0.002 seconds
Measuring multi-threading efficiency up to 20 CPU cores
Increase to 10 rounds for branch lengths
2124 trees examined
Threads: 1 / Time: 20.008 sec / Speedup: 1.000 / Efficiency: 100% / LogL: -5846
Threads: 2 / Time: 15.970 sec / Speedup: 1.253 / Efficiency: 63% / LogL: -5846
Threads: 3 / Time: 12.367 sec / Speedup: 1.618 / Efficiency: 54% / LogL: -5846
Threads: 4 / Time: 13.144 sec / Speedup: 1.522 / Efficiency: 38% / LogL: -5846
BEST NUMBER OF THREADS: 3

Perform fast likelihood tree search using GTR+I+G model...
Estimate model parameters (epsilon = 5.000)
Perform nearest neighbor interchange...
Estimate model parameters (epsilon = 1.000)
1. Initial log-likelihood: -3983.309
Optimal log-likelihood: -3983.092
Rate parameters:  A-C: 1.12045  A-G: 2.40610  A-T: 0.78635  C-G: 1.11250  C-T: 4.09028  G-T: 1.00000
Base frequencies:  A: 0.210  C: 0.303  G: 0.233  T: 0.253
Proportion of invariable sites: 0.237
Gamma shape alpha: 1.354
Parameters optimization took 1 rounds (0.007 sec)
Time for fast ML tree search: 0.037 seconds

NOTE: ModelFinder requires 22 MB RAM!
ModelFinder will test up to 484 DNA models (sample size: 788 epsilon: 0.100) ...
 No. Model         -LnL         df  AIC          AICc         BIC
  1  GTR+F         4091.657     51  8285.313     8292.520     8523.457
  2  GTR+F+I       3992.752     52  8089.504     8097.003     8332.318
  3  GTR+F+G4      3985.248     52  8074.496     8081.995     8317.310
  4  GTR+F+I+G4    3983.084     53  8072.168     8079.966     8319.651
  5  GTR+F+R2      3987.577     53  8081.154     8088.952     8328.637
  6  GTR+F+R3      3985.517     55  8081.033     8089.449     8337.856
 14  GTR+F+I+R2    3985.733     54  8079.466     8087.570     8331.619
 15  GTR+F+I+R3    3980.720     56  8073.440     8082.174     8334.932
 25  SYM+G4        3996.593     49  8091.186     8097.826     8319.991
 26  SYM+I+G4      3994.476     50  8088.952     8095.872     8322.427
 47  TVM+F+G4      3990.313     51  8082.626     8089.832     8320.770
 48  TVM+F+I+G4    3988.282     52  8080.564     8088.063     8323.378
 69  TVMe+G4       4010.680     48  8117.360     8123.725     8341.495
 70  TVMe+I+G4     4008.575     49  8115.151     8121.790     8343.956
 91  TIM3+F+G4     3985.627     50  8071.253     8078.173     8304.728
 92  TIM3+F+I+G4   3983.424     51  8068.849     8076.055     8306.993
113  TIM3e+G4      3997.665     47  8089.330     8095.428     8308.797
114  TIM3e+I+G4    3995.427     48  8086.854     8093.219     8310.990
135  TIM2+F+G4     3985.734     50  8071.468     8078.388     8304.943
136  TIM2+F+I+G4   3983.747     51  8069.493     8076.700     8307.638
157  TIM2e+G4      3998.466     47  8090.931     8097.028     8310.398
158  TIM2e+I+G4    3996.510     48  8089.019     8095.385     8313.155
179  TIM+F+G4      3986.015     50  8072.031     8078.951     8305.506
180  TIM+F+I+G4    3983.851     51  8069.702     8076.908     8307.846
201  TIMe+G4       3999.363     47  8092.726     8098.824     8312.193
202  TIMe+I+G4     3997.180     48  8090.360     8096.725     8314.495
223  TPM3u+F+G4    3990.769     49  8079.538     8086.178     8308.344
224  TPM3u+F+I+G4  3988.655     50  8077.311     8084.231     8310.786
245  TPM3+G4       4012.047     46  8116.093     8121.929     8330.890
246  TPM3+I+G4     4009.718     47  8113.435     8119.532     8332.901
267  TPM2u+F+G4    3990.824     49  8079.647     8086.287     8308.453
268  TPM2u+F+I+G4  3988.954     50  8077.908     8084.828     8311.383
289  TPM2+G4       4012.392     46  8116.785     8122.620     8331.582
290  TPM2+I+G4     4010.479     47  8114.957     8121.054     8334.423
311  K3Pu+F+G4     3991.150     49  8080.300     8086.939     8309.105
312  K3Pu+F+I+G4   3989.075     50  8078.149     8085.069     8311.624
333  K3P+G4        4013.570     46  8119.139     8124.974     8333.936
334  K3P+I+G4      4011.310     47  8116.620     8122.717     8336.087
355  TN+F+G4       3986.031     49  8070.061     8076.701     8298.867
356  TN+F+I+G4     3983.906     50  8067.812     8074.732     8301.287
377  TNe+G4        3999.371     46  8090.742     8096.578     8305.539
378  TNe+I+G4      3997.208     47  8088.417     8094.514     8307.883
399  HKY+F+G4      3991.168     48  8078.335     8084.701     8302.471
400  HKY+F+I+G4    3989.137     49  8076.273     8082.913     8305.079
421  K2P+G4        4013.577     45  8117.154     8122.733     8327.281
422  K2P+I+G4      4011.349     46  8114.698     8120.534     8329.495
443  F81+F+G4      4059.739     47  8213.477     8219.574     8432.944
444  F81+F+I+G4    4057.745     48  8211.490     8217.856     8435.626
465  JC+G4         4086.965     44  8261.931     8267.260     8467.388
466  JC+I+G4       4084.554     45  8259.108     8264.688     8469.236
Akaike Information Criterion:           TN+F+I+G4
Corrected Akaike Information Criterion: TN+F+I+G4
Bayesian Information Criterion:         TN+F+G4
Best-fit model: TN+F+G4 chosen according to BIC

All model information printed to 24its_mafft.fasta.model.gz
CPU time for ModelFinder: 142.546 seconds (0h:2m:22s)
Wall-clock time for ModelFinder: 62.009 seconds (0h:1m:2s)
Generating 10000 samples for ultrafast bootstrap (seed: 932631)...

NOTE: 20 MB RAM (0 GB) is required!
Estimate model parameters (epsilon = 0.100)
1. Initial log-likelihood: -4060.432
2. Current log-likelihood: -3987.498
3. Current log-likelihood: -3986.215
4. Current log-likelihood: -3986.057
Optimal log-likelihood: -3986.023
Rate parameters:  A-C: 1.00000  A-G: 2.39785  A-T: 1.00000  C-G: 1.00000  C-T: 4.05325  G-T: 1.00000
Base frequencies:  A: 0.210  C: 0.303  G: 0.233  T: 0.253
Gamma shape alpha: 0.558
Parameters optimization took 4 rounds (0.016 sec)
Wrote distance file to... 
Computing ML distances based on estimated model parameters...
Calculating distance matrix: done in 0.000517293 secs using 328.1% CPU
Computing ML distances took 0.004635 sec (of wall-clock time) 0.021369 sec (of CPU time)
Setting up auxiliary I and S matrices: done in 0.000119478 secs using 157.4% CPU
Computing RapidNJ tree took 0.005447 sec (of wall-clock time) 0.000719 sec (of CPU time)
Log-likelihood of RapidNJ tree: -3991.005
--------------------------------------------------------------------
|             INITIALIZING CANDIDATE TREE SET                      |
--------------------------------------------------------------------
Generating 98 parsimony trees... 0.066 second
Computing log-likelihood of 98 initial trees ... 0.083 seconds
Current best score: -3986.023

Do NNI search on 20 best initial trees
Estimate model parameters (epsilon = 0.100)
BETTER TREE FOUND at iteration 1: -3986.019
UPDATE BEST LOG-LIKELIHOOD: -3986.018
UPDATE BEST LOG-LIKELIHOOD: -3986.018
Iteration 10 / LogL: -3986.023 / Time: 0h:1m:2s
UPDATE BEST LOG-LIKELIHOOD: -3986.018
Iteration 20 / LogL: -3986.022 / Time: 0h:1m:3s
Finish initializing candidate tree set (3)
Current best tree score: -3986.018 / CPU time: 0.847
Number of iterations: 20
--------------------------------------------------------------------
|               OPTIMIZING CANDIDATE TREE SET                      |
--------------------------------------------------------------------
Iteration 30 / LogL: -3986.038 / Time: 0h:1m:3s (0h:0m:3s left)
Iteration 40 / LogL: -3988.141 / Time: 0h:1m:4s (0h:0m:3s left)
Iteration 50 / LogL: -3987.717 / Time: 0h:1m:4s (0h:0m:2s left)
Log-likelihood cutoff on original alignment: -4021.306
Iteration 60 / LogL: -3992.478 / Time: 0h:1m:5s (0h:0m:2s left)
Iteration 70 / LogL: -3986.024 / Time: 0h:1m:5s (0h:0m:1s left)
Iteration 80 / LogL: -3986.020 / Time: 0h:1m:6s (0h:0m:1s left)
Iteration 90 / LogL: -3986.148 / Time: 0h:1m:6s (0h:0m:0s left)
Iteration 100 / LogL: -4000.535 / Time: 0h:1m:7s (0h:0m:0s left)
Log-likelihood cutoff on original alignment: -4022.973
NOTE: Bootstrap correlation coefficient of split occurrence frequencies: 0.997
TREE SEARCH COMPLETED AFTER 102 ITERATIONS / Time: 0h:1m:7s

--------------------------------------------------------------------
|                    FINALIZING TREE SEARCH                        |
--------------------------------------------------------------------
Performs final model parameters optimization
Estimate model parameters (epsilon = 0.010)
1. Initial log-likelihood: -3986.018
Optimal log-likelihood: -3986.016
Rate parameters:  A-C: 1.00000  A-G: 2.40291  A-T: 1.00000  C-G: 1.00000  C-T: 4.08027  G-T: 1.00000
Base frequencies:  A: 0.210  C: 0.303  G: 0.233  T: 0.253
Gamma shape alpha: 0.553
Parameters optimization took 1 rounds (0.004 sec)
BEST SCORE FOUND : -3986.016
Creating bootstrap support values...
Split supports printed to NEXUS file 24its_mafft.fasta.splits.nex
Total tree length: 2.755

Total number of iterations: 102
CPU time used for tree search: 14.789 sec (0h:0m:14s)
Wall-clock time used for tree search: 5.337 sec (0h:0m:5s)
Total CPU time used: 157.857 sec (0h:2m:37s)
Total wall-clock time used: 67.787 sec (0h:1m:7s)

Computing bootstrap consensus tree...
Reading input file 24its_mafft.fasta.splits.nex...
23 taxa and 251 splits.
Consensus tree written to 24its_mafft.fasta.contree
Reading input trees file 24its_mafft.fasta.contree
Log-likelihood of consensus tree: -3986.025

Analysis results written to: 
  IQ-TREE report:                24its_mafft.fasta.iqtree
  Maximum-likelihood tree:       24its_mafft.fasta.treefile
  Likelihood distances:          24its_mafft.fasta.mldist

Ultrafast bootstrap approximation results written to:
  Split support values:          24its_mafft.fasta.splits.nex
  Consensus tree:                24its_mafft.fasta.contree
  Screen log file:               24its_mafft.fasta.log

Date and Time: Mon Jan 20 20:10:44 2025
